[2023-12-02T15:45:47] INFO [root.log_message:11] "POST /gmail/authenticate HTTP/1.1" 200 -
[2023-12-02T15:51:48] INFO [root.log_message:16] "POST /gmail/authenticate HTTP/1.1" 200 -
[2023-12-02T15:54:34] INFO [root.log_message:16] "POST /gmail/authenticate HTTP/1.1" 200 -
[2023-12-02T15:54:43] INFO [root.log_message:16] "POST /gmail/authenticate HTTP/1.1" 200 -
[2023-12-02T15:56:57] INFO [root.log_message:16] "POST /gmail/authenticate HTTP/1.1" 200 -
[2023-12-02T15:57:03] INFO [root.log_message:16] "POST /gmail/authenticate HTTP/1.1" 200 -
[2023-12-02T15:57:07] INFO [root.log_message:16] "POST /gmail/authenticate HTTP/1.1" 200 -
[2023-12-02T15:57:16] INFO [root.log_message:16] "POST /gmail/authenticate HTTP/1.1" 200 -
[2023-12-02T15:57:22] INFO [root.log_message:16] "POST /gmail/authenticate HTTP/1.1" 200 -
[2023-12-02T15:58:38] INFO [root.log_message:16] "POST /gmail/authenticate HTTP/1.1" 200 -
[2023-12-02T15:59:00] INFO [root.log_message:16] "POST /gmail/authenticate HTTP/1.1" 200 -
[2023-12-02T15:59:44] INFO [root.log_message:16] "POST /gmail/authenticate HTTP/1.1" 200 -
[2023-12-02T16:00:01] INFO [root.log_message:16] "POST /gmail/authenticate HTTP/1.1" 200 -
[2023-12-02T16:01:02] INFO [root.log_message:16] "POST /gmail/authenticate HTTP/1.1" 200 -
[2023-12-02T16:01:17] INFO [root.log_message:16] "POST /gmail/authenticate HTTP/1.1" 200 -
[2023-12-02T16:01:41] INFO [root.log_message:16] "POST /gmail/authenticate HTTP/1.1" 200 -
[2023-12-02T16:01:59] INFO [root.log_message:16] "POST /gmail/authenticate HTTP/1.1" 200 -
[2023-12-02T16:02:24] INFO [root.log_message:16] "POST /gmail/authenticate HTTP/1.1" 200 -
[2023-12-02T16:02:44] INFO [root.log_message:16] "POST /gmail/authenticate HTTP/1.1" 200 -
[2023-12-02T16:02:52] INFO [root.log_message:16] "POST /gmail/authenticate HTTP/1.1" 200 -
[2023-12-02T16:09:43] INFO [root.log_message:16] "POST /gmail/authenticate HTTP/1.1" 200 -
[2023-12-02T16:10:25] INFO [root.log_message:16] "POST /gmail/authenticate HTTP/1.1" 200 -
[2023-12-02T16:10:48] INFO [root.log_message:16] "POST /gmail/authenticate HTTP/1.1" 200 -
[2023-12-02T16:11:12] INFO [root.log_message:16] "POST /gmail/authenticate HTTP/1.1" 200 -
[2023-12-02T16:11:22] INFO [root.log_message:16] "POST /gmail/authenticate HTTP/1.1" 200 -
[2023-12-02T16:11:26] INFO [root.log_message:16] "POST /gmail/authenticate HTTP/1.1" 200 -
[2023-12-02T16:11:30] INFO [root.log_message:16] "POST /gmail/authenticate HTTP/1.1" 200 -
[2023-12-02T16:12:48] INFO [root.log_message:16] "POST /gmail/authenticate HTTP/1.1" 200 -
[2023-12-02T16:13:01] INFO [root.log_message:16] "POST /gmail/authenticate HTTP/1.1" 200 -
[2023-12-02T16:13:16] INFO [root.log_message:16] "POST /gmail/authenticate HTTP/1.1" 200 -
[2023-12-02T16:13:29] INFO [root.log_message:16] "POST /gmail/authenticate HTTP/1.1" 200 -
[2023-12-02T16:17:01] INFO [root.log_message:16] "POST /gmail/authenticate HTTP/1.1" 200 -
[2023-12-02T16:17:14] INFO [root.log_message:16] "POST /gmail/authenticate HTTP/1.1" 200 -
[2023-12-02T16:17:30] INFO [root.log_message:16] "POST /gmail/authenticate HTTP/1.1" 200 -
[2023-12-02T16:17:38] INFO [root.log_message:16] "POST /gmail/authenticate HTTP/1.1" 200 -
[2023-12-02T16:17:44] INFO [root.log_message:16] "POST /gmail/authenticate HTTP/1.1" 200 -
[2023-12-02T16:18:59] INFO [root.log_message:16] "POST /gmail/authenticate HTTP/1.1" 200 -
[2023-12-02T16:19:26] INFO [root.log_message:16] "POST /gmail/authenticate HTTP/1.1" 200 -
[2023-12-02T16:19:44] INFO [root.log_message:16] "POST /gmail/authenticate HTTP/1.1" 200 -
[2023-12-02T16:20:01] INFO [root.log_message:16] "POST /gmail/authenticate HTTP/1.1" 200 -
[2023-12-02T16:20:05] INFO [root.log_message:16] "POST /gmail/authenticate HTTP/1.1" 200 -
[2023-12-02T16:20:39] INFO [root.log_message:16] "POST /gmail/authenticate HTTP/1.1" 200 -
[2023-12-02T16:20:45] INFO [root.log_message:16] "POST /gmail/authenticate HTTP/1.1" 200 -
[2023-12-02T16:20:53] INFO [root.log_message:16] "POST /gmail/authenticate HTTP/1.1" 200 -
[2023-12-02T16:20:58] INFO [root.log_message:16] "POST /gmail/authenticate HTTP/1.1" 200 -
[2023-12-02T16:21:22] INFO [root.log_message:16] "POST /gmail/authenticate HTTP/1.1" 200 -
[2023-12-02T16:21:26] INFO [root.log_message:16] "POST /gmail/authenticate HTTP/1.1" 200 -
[2023-12-02T16:21:35] INFO [root.log_message:16] "POST /gmail/authenticate HTTP/1.1" 200 -
[2023-12-02T16:21:41] INFO [root.log_message:16] "POST /gmail/authenticate HTTP/1.1" 200 -
[2023-12-02T16:22:11] INFO [root.log_message:16] "POST /gmail/authenticate HTTP/1.1" 200 -
[2023-12-02T16:22:15] INFO [root.log_message:16] "POST /gmail/authenticate HTTP/1.1" 200 -
[2023-12-02T16:22:40] INFO [root.log_message:16] "POST /gmail/authenticate HTTP/1.1" 200 -
[2023-12-02T16:22:48] INFO [root.log_message:16] "POST /gmail/authenticate HTTP/1.1" 200 -
[2023-12-02T16:22:55] INFO [root.log_message:16] "POST /gmail/authenticate HTTP/1.1" 200 -
[2023-12-02T16:23:08] INFO [root.log_message:16] "POST /gmail/authenticate HTTP/1.1" 200 -
[2023-12-02T16:23:12] INFO [root.log_message:16] "POST /gmail/authenticate HTTP/1.1" 200 -
[2023-12-02T16:23:34] INFO [root.log_message:16] "POST /gmail/authenticate HTTP/1.1" 200 -
[2023-12-02T16:23:45] INFO [root.log_message:16] "POST /gmail/authenticate HTTP/1.1" 200 -
[2023-12-02T16:24:29] INFO [root.log_message:16] "POST /gmail/authenticate HTTP/1.1" 200 -
[2023-12-02T16:24:37] INFO [root.log_message:16] "POST /gmail/authenticate HTTP/1.1" 200 -
[2023-12-02T16:26:02] INFO [root.log_message:16] "POST /gmail/authenticate HTTP/1.1" 200 -
[2023-12-02T16:26:03] INFO [root.log_message:16] "POST /gmail/authenticate HTTP/1.1" 200 -
[2023-12-02T16:31:00] INFO [root.log_message:16] "POST /gmail/authenticate HTTP/1.1" 200 -
[2023-12-02T16:41:29] INFO [root.log_message:16] "POST /gmail/authenticate HTTP/1.1" 200 -
[2023-12-02T16:42:34] INFO [root.log_message:16] "POST /gmail/authenticate HTTP/1.1" 200 -
[2023-12-02T16:43:14] INFO [root.log_message:16] "POST /gmail/authenticate HTTP/1.1" 200 -
[2023-12-02T16:43:44] INFO [root.log_message:16] "POST /gmail/authenticate HTTP/1.1" 200 -
[2023-12-02T16:43:52] INFO [root.log_message:16] "POST /gmail/authenticate HTTP/1.1" 200 -
[2023-12-02T16:48:04] INFO [root.log_message:16] "POST /gmail/authenticate HTTP/1.1" 200 -
[2023-12-02T16:48:39] INFO [root.log_message:16] "POST /gmail/authenticate HTTP/1.1" 200 -
[2023-12-02T16:48:39] INFO [root.log_message:16] "POST /yahoo/authenticate HTTP/1.1" 200 -
[2023-12-02T16:48:39] INFO [root.log_message:16] "POST /proton/authenticate HTTP/1.1" 200 -
[2023-12-02T16:49:50] INFO [root.log_message:16] "POST /gmail/authenticate HTTP/1.1" 200 -
[2023-12-02T17:00:35] INFO [root.log_message:16] "POST /gmail/authenticate HTTP/1.1" 200 -
[2023-12-02T17:00:35] INFO [root.log_message:16] "POST /yahoo/authenticate HTTP/1.1" 200 -
[2023-12-02T17:00:35] INFO [root.log_message:16] "POST /proton/authenticate HTTP/1.1" 200 -
[2023-12-02T17:00:57] INFO [root.log_message:16] "POST /gmail/authenticate HTTP/1.1" 200 -
[2023-12-02T17:00:57] INFO [root.log_message:16] "POST /yahoo/authenticate HTTP/1.1" 200 -
[2023-12-02T17:00:57] INFO [root.log_message:16] "POST /proton/authenticate HTTP/1.1" 200 -
[2023-12-02T17:00:57] INFO [root.log_message:16] "POST /gmail/events HTTP/1.1" 200 -
[2023-12-02T17:01:19] INFO [root.log_message:16] "POST /gmail/authenticate HTTP/1.1" 200 -
[2023-12-02T17:01:19] INFO [root.log_message:16] "POST /yahoo/authenticate HTTP/1.1" 200 -
[2023-12-02T17:01:19] INFO [root.log_message:16] "POST /proton/authenticate HTTP/1.1" 200 -
[2023-12-02T17:01:19] INFO [root.log_message:16] "POST /gmail/events HTTP/1.1" 200 -
[2023-12-02T17:01:32] INFO [root.log_message:16] "POST /gmail/authenticate HTTP/1.1" 200 -
[2023-12-02T17:01:32] INFO [root.log_message:16] "POST /yahoo/authenticate HTTP/1.1" 200 -
[2023-12-02T17:01:32] INFO [root.log_message:16] "POST /proton/authenticate HTTP/1.1" 200 -
[2023-12-02T17:01:32] INFO [root.log_message:16] "POST /gmail/events HTTP/1.1" 200 -
[2023-12-02T17:02:19] INFO [root.log_message:16] "POST /gmail/authenticate HTTP/1.1" 200 -
[2023-12-02T17:02:19] INFO [root.log_message:16] "POST /yahoo/authenticate HTTP/1.1" 200 -
[2023-12-02T17:02:19] INFO [root.log_message:16] "POST /proton/authenticate HTTP/1.1" 200 -
[2023-12-02T17:02:19] INFO [root.log_message:16] "POST /gmail/events HTTP/1.1" 200 -
[2023-12-02T17:02:44] INFO [root.log_message:16] "POST /gmail/authenticate HTTP/1.1" 200 -
[2023-12-02T17:02:44] INFO [root.log_message:16] "POST /yahoo/authenticate HTTP/1.1" 200 -
[2023-12-02T17:02:44] INFO [root.log_message:16] "POST /proton/authenticate HTTP/1.1" 200 -
[2023-12-02T17:02:44] INFO [root.log_message:16] "POST /gmail/events HTTP/1.1" 200 -
[2023-12-02T17:02:58] INFO [root.log_message:16] "POST /gmail/authenticate HTTP/1.1" 200 -
[2023-12-02T17:02:58] INFO [root.log_message:16] "POST /yahoo/authenticate HTTP/1.1" 200 -
[2023-12-02T17:02:58] INFO [root.log_message:16] "POST /proton/authenticate HTTP/1.1" 200 -
[2023-12-02T17:02:58] INFO [root.log_message:16] "POST /gmail/events HTTP/1.1" 200 -
[2023-12-02T17:05:11] INFO [root.log_message:16] "POST /gmail/authenticate HTTP/1.1" 200 -
[2023-12-02T17:05:11] INFO [root.log_message:16] "POST /yahoo/authenticate HTTP/1.1" 200 -
[2023-12-02T17:05:11] INFO [root.log_message:16] "POST /proton/authenticate HTTP/1.1" 200 -
[2023-12-02T17:05:11] INFO [root.log_message:16] "POST /gmail/events HTTP/1.1" 200 -
[2023-12-02T17:06:05] INFO [root.log_message:16] "POST /gmail/authenticate HTTP/1.1" 200 -
[2023-12-02T17:06:05] INFO [root.log_message:16] "POST /yahoo/authenticate HTTP/1.1" 200 -
[2023-12-02T17:06:05] INFO [root.log_message:16] "POST /proton/authenticate HTTP/1.1" 200 -
[2023-12-02T17:06:05] INFO [root.log_message:16] "POST /gmail/events HTTP/1.1" 200 -
[2023-12-02T17:06:05] INFO [root.log_message:16] "POST /yahoo/events HTTP/1.1" 200 -
[2023-12-02T17:06:05] INFO [root.log_message:16] "POST /proton/events HTTP/1.1" 200 -
[2023-12-02T17:06:33] INFO [root.log_message:16] "POST /gmail/authenticate HTTP/1.1" 200 -
[2023-12-02T17:06:33] INFO [root.log_message:16] "POST /yahoo/authenticate HTTP/1.1" 200 -
[2023-12-02T17:06:33] INFO [root.log_message:16] "POST /proton/authenticate HTTP/1.1" 200 -
[2023-12-02T17:06:33] INFO [root.log_message:16] "POST /gmail/events HTTP/1.1" 200 -
[2023-12-02T17:06:33] INFO [root.log_message:16] "POST /yahoo/events HTTP/1.1" 200 -
[2023-12-02T17:06:33] INFO [root.log_message:16] "POST /proton/events HTTP/1.1" 200 -
